<?xml version="1.0" encoding="UTF-8"?>
<testng-results skipped="0" failed="0" total="1" passed="1">
  <reporter-output>
  </reporter-output>
  <suite name="Default suite" duration-ms="9812" started-at="2022-07-28T07:30:11Z" finished-at="2022-07-28T07:30:21Z">
    <groups>
    </groups>
    <test name="Default test" duration-ms="9812" started-at="2022-07-28T07:30:11Z" finished-at="2022-07-28T07:30:21Z">
      <class name="july28th.AssertPractise_1">
        <test-method status="PASS" signature="AssertValidation()[pri:0, instance:july28th.AssertPractise_1@36d4b5c]" name="AssertValidation" duration-ms="9804" started-at="2022-07-28T13:00:11Z" finished-at="2022-07-28T13:00:21Z">
          <reporter-output>
          </reporter-output>
        </test-method> <!-- AssertValidation -->
      </class> <!-- july28th.AssertPractise_1 -->
    </test> <!-- Default test -->
  </suite> <!-- Default suite -->
</testng-results>
