<?xml version="1.0" encoding="UTF-8"?>
<!-- Generated by org.testng.reporters.JUnitXMLReporter -->
<testsuite hostname="LAPTOP-2FVPBH91" name="Reports" tests="11" failures="0" timestamp="27 Jul 2022 10:23:47 GMT" time="60.845" errors="0">
  <testcase name="corBanking" time="1.783" classname="july_26th.FirstTestng_Class"/>
  <testcase name="intBanking" time="1.8" classname="july_26th.FirstTestng_Class"/>
  <testcase name="perBanking" time="2.182" classname="july_26th.FirstTestng_Class"/>
  <testcase name="Branches" time="1.021" classname="july_26th.TestngWork_1"/>
  <testcase name="Roles" time="0.461" classname="july_26th.TestngWork_1"/>
  <testcase name="Users" time="0.44" classname="july_26th.TestngWork_1"/>
  <testcase name="employes" time="0.449" classname="july_26th.TestngWork_1"/>
  <testcase name="Addition" time="4.85" classname="july_27th.TestngWork_4"/>
  <testcase name="Division" time="4.823" classname="july_27th.TestngWork_4"/>
  <testcase name="Multiplication" time="4.819" classname="july_27th.TestngWork_4"/>
  <testcase name="Subraction" time="4.839" classname="july_27th.TestngWork_4"/>
</testsuite> <!-- Reports -->
